# JRE version: Java(TM) SE Runtime Environment (8.0_321-b07) (build 1.8.0_321-b07)
# Java VM: Java HotSpot(TM) 64-Bit Server VM (25.321-b07 mixed mode bsd-amd64 compressed oops)
Heap:
 PSYoungGen      total 76288K, used 13020K [0x000000076ab00000, 0x0000000774000000, 0x00000007c0000000)
  eden space 65536K, 19% used [0x000000076ab00000,0x000000076b7b7118,0x000000076eb00000)
  from space 10752K, 0% used [0x000000076eb00000,0x000000076eb00000,0x000000076f580000)
  to   space 10752K, 0% used [0x0000000773580000,0x0000000773580000,0x0000000774000000)
 ParOldGen       total 104960K, used 9531K [0x00000006c0000000, 0x00000006c6680000, 0x000000076ab00000)
  object space 104960K, 9% used [0x00000006c0000000,0x00000006c094ed60,0x00000006c6680000)
 Metaspace       used 28248K, capacity 29246K, committed 29568K, reserved 1075200K
  class space    used 3867K, capacity 4130K, committed 4224K, reserved 1048576K
GC Heap History (4 events):
Event: 1.692 GC heap before
{Heap before GC invocations=1 (full 0):
 PSYoungGen      total 76288K, used 60810K [0x000000076ab00000, 0x0000000770000000, 0x00000007c0000000)
  eden space 65536K, 92% used [0x000000076ab00000,0x000000076e662a98,0x000000076eb00000)
  from space 10752K, 0% used [0x000000076f580000,0x000000076f580000,0x0000000770000000)
  to   space 10752K, 0% used [0x000000076eb00000,0x000000076eb00000,0x000000076f580000)
 ParOldGen       total 175104K, used 0K [0x00000006c0000000, 0x00000006cab00000, 0x000000076ab00000)
  object space 175104K, 0% used [0x00000006c0000000,0x00000006c0000000,0x00000006cab00000)
 Metaspace       used 20588K, capacity 21260K, committed 21296K, reserved 1067008K
  class space    used 2711K, capacity 2910K, committed 2944K, reserved 1048576K
Event: 1.714 GC heap after
Heap after GC invocations=1 (full 0):
 PSYoungGen      total 76288K, used 9870K [0x000000076ab00000, 0x0000000774000000, 0x00000007c0000000)
  eden space 65536K, 0% used [0x000000076ab00000,0x000000076ab00000,0x000000076eb00000)
  from space 10752K, 91% used [0x000000076eb00000,0x000000076f4a3888,0x000000076f580000)
  to   space 10752K, 0% used [0x0000000773580000,0x0000000773580000,0x0000000774000000)
 ParOldGen       total 175104K, used 8K [0x00000006c0000000, 0x00000006cab00000, 0x000000076ab00000)
  object space 175104K, 0% used [0x00000006c0000000,0x00000006c0002000,0x00000006cab00000)
 Metaspace       used 20588K, capacity 21260K, committed 21296K, reserved 1067008K
  class space    used 2711K, capacity 2910K, committed 2944K, reserved 1048576K
}
Event: 1.714 GC heap before
{Heap before GC invocations=2 (full 1):
 PSYoungGen      total 76288K, used 9870K [0x000000076ab00000, 0x0000000774000000, 0x00000007c0000000)
  eden space 65536K, 0% used [0x000000076ab00000,0x000000076ab00000,0x000000076eb00000)
  from space 10752K, 91% used [0x000000076eb00000,0x000000076f4a3888,0x000000076f580000)
  to   space 10752K, 0% used [0x0000000773580000,0x0000000773580000,0x0000000774000000)
 ParOldGen       total 175104K, used 8K [0x00000006c0000000, 0x00000006cab00000, 0x000000076ab00000)
  object space 175104K, 0% used [0x00000006c0000000,0x00000006c0002000,0x00000006cab00000)
 Metaspace       used 20588K, capacity 21260K, committed 21296K, reserved 1067008K
  class space    used 2711K, capacity 2910K, committed 2944K, reserved 1048576K
Event: 1.732 GC heap after
Heap after GC invocations=2 (full 1):
 PSYoungGen      total 76288K, used 0K [0x000000076ab00000, 0x0000000774000000, 0x00000007c0000000)
  eden space 65536K, 0% used [0x000000076ab00000,0x000000076ab00000,0x000000076eb00000)
  from space 10752K, 0% used [0x000000076eb00000,0x000000076eb00000,0x000000076f580000)
  to   space 10752K, 0% used [0x0000000773580000,0x0000000773580000,0x0000000774000000)
 ParOldGen       total 104960K, used 9531K [0x00000006c0000000, 0x00000006c6680000, 0x000000076ab00000)
  object space 104960K, 9% used [0x00000006c0000000,0x00000006c094ed60,0x00000006c6680000)
 Metaspace       used 20588K, capacity 21260K, committed 21296K, reserved 1067008K
  class space    used 2711K, capacity 2910K, committed 2944K, reserved 1048576K
}

